cc1: warning: command line option ‘-std=c++11’ is valid for C++/ObjC++ but not for C
In file included from ./include/global.h:5:0,
                 from ./include/base.h:40,
                 from ./src/client.c:1:
./include/device.h:86:1: warning: useless storage class specifier in empty declaration
 };
 ^
./src/client.c: In function ‘client_reconnect’:
./src/client.c:18:5: warning: implicit declaration of function ‘set_request_head’ [-Wimplicit-function-declaration]
     set_request_head(head, 0, CLIENT_CONNECT_PIPE, 0);  
     ^
./src/client.c: In function ‘send_upload_log’:
./src/client.c:81:11: warning: implicit declaration of function ‘upload_logs’ [-Wimplicit-function-declaration]
     ret = upload_logs(&cli->send_buf, &cli->send_size);
           ^
./src/client.c:83:5: warning: implicit declaration of function ‘set_packet_head’ [-Wimplicit-function-declaration]
     set_packet_head(cli->send_head, UPLOAD_LOG, cli->send_size, BYTE_TYPE, 0);
     ^
./src/client.c:84:12: warning: implicit declaration of function ‘send_packet’ [-Wimplicit-function-declaration]
     return send_packet(cli, 0);
            ^
./src/client.c:74:9: warning: variable ‘ret’ set but not used [-Wunused-but-set-variable]
     int ret;
         ^
./src/client.c: In function ‘recv_heartbeat’:
./src/client.c:110:29: warning: implicit declaration of function ‘read_packet_token’ [-Wimplicit-function-declaration]
  char *buf = &cli->recv_buf[read_packet_token(cli->recv_head)];
                             ^
./src/client.c:110:14: warning: pointer targets in initialization differ in signedness [-Wpointer-sign]
  char *buf = &cli->recv_buf[read_packet_token(cli->recv_head)];
              ^
In file included from ./src/client.c:3:0:
./src/client.c: In function ‘send_heartbeat’:
./src/client.c:145:46: warning: pointer targets in passing argument 1 of ‘cJSON_CreateString’ differ in signedness [-Wpointer-sign]
         cJSON_AddStringToObject(root, "mac", conf.netcard.mac);
                                              ^
./include/cJSON.h:134:103: note: in definition of macro ‘cJSON_AddStringToObject’
 #define cJSON_AddStringToObject(object,name,s) cJSON_AddItemToObject(object, name, cJSON_CreateString(s))
                                                                                                       ^
./include/cJSON.h:90:15: note: expected ‘const char *’ but argument is of type ‘unsigned char *’
 extern cJSON *cJSON_CreateString(const char *string);
               ^
./src/client.c:146:17: warning: pointer targets in assignment differ in signedness [-Wpointer-sign]
   cli->send_buf = cJSON_Print(root);
                 ^
./src/client.c:147:33: warning: pointer targets in passing argument 1 of ‘strlen’ differ in signedness [-Wpointer-sign]
         cli->send_size = strlen(cli->send_buf);
                                 ^
In file included from /usr/include/memory.h:29:0,
                 from ./include/base.h:14,
                 from ./src/client.c:1:
/usr/include/string.h:394:15: note: expected ‘const char *’ but argument is of type ‘unsigned char *’
 extern size_t strlen (const char *__s)
               ^
In file included from ./src/client.c:3:0:
./src/client.c: In function ‘send_delete’:
./src/client.c:174:46: warning: pointer targets in passing argument 1 of ‘cJSON_CreateString’ differ in signedness [-Wpointer-sign]
         cJSON_AddStringToObject(data, "mac", conf.netcard.mac);
                                              ^
./include/cJSON.h:134:103: note: in definition of macro ‘cJSON_AddStringToObject’
 #define cJSON_AddStringToObject(object,name,s) cJSON_AddItemToObject(object, name, cJSON_CreateString(s))
                                                                                                       ^
./include/cJSON.h:90:15: note: expected ‘const char *’ but argument is of type ‘unsigned char *’
 extern cJSON *cJSON_CreateString(const char *string);
               ^
./src/client.c:177:23: warning: pointer targets in assignment differ in signedness [-Wpointer-sign]
         cli->recv_buf = cJSON_Print(root);
                       ^
./src/client.c:178:33: warning: pointer targets in passing argument 1 of ‘strlen’ differ in signedness [-Wpointer-sign]
         cli->recv_size = strlen(cli->recv_buf);
                                 ^
In file included from /usr/include/memory.h:29:0,
                 from ./include/base.h:14,
                 from ./src/client.c:1:
/usr/include/string.h:394:15: note: expected ‘const char *’ but argument is of type ‘unsigned char *’
 extern size_t strlen (const char *__s)
               ^
./src/client.c: In function ‘recv_delete’:
./src/client.c:196:17: warning: pointer targets in initialization differ in signedness [-Wpointer-sign]
     char *buf = &cli->recv_buf[read_packet_token(cli->recv_head)];
                 ^
In file included from ./src/client.c:3:0:
./src/client.c: In function ‘send_update_desktop_group_info’:
./src/client.c:224:46: warning: pointer targets in passing argument 1 of ‘cJSON_CreateString’ differ in signedness [-Wpointer-sign]
         cJSON_AddStringToObject(data, "mac", conf.netcard.mac);
                                              ^
./include/cJSON.h:134:103: note: in definition of macro ‘cJSON_AddStringToObject’
 #define cJSON_AddStringToObject(object,name,s) cJSON_AddItemToObject(object, name, cJSON_CreateString(s))
                                                                                                       ^
./include/cJSON.h:90:15: note: expected ‘const char *’ but argument is of type ‘unsigned char *’
 extern cJSON *cJSON_CreateString(const char *string);
               ^
./src/client.c:227:23: warning: pointer targets in assignment differ in signedness [-Wpointer-sign]
         cli->recv_buf = cJSON_Print(root);
                       ^
./src/client.c:228:33: warning: pointer targets in passing argument 1 of ‘strlen’ differ in signedness [-Wpointer-sign]
         cli->recv_size = strlen(cli->recv_buf);
                                 ^
In file included from /usr/include/memory.h:29:0,
                 from ./include/base.h:14,
                 from ./src/client.c:1:
/usr/include/string.h:394:15: note: expected ‘const char *’ but argument is of type ‘unsigned char *’
 extern size_t strlen (const char *__s)
               ^
./src/client.c: In function ‘recv_update_desktop_group_info’:
./src/client.c:248:17: warning: pointer targets in initialization differ in signedness [-Wpointer-sign]
     char *buf = &cli->recv_buf[read_packet_token(cli->recv_head)];
                 ^
In file included from ./src/client.c:3:0:
./src/client.c: In function ‘send_cancel_send_desktop’:
./src/client.c:275:46: warning: pointer targets in passing argument 1 of ‘cJSON_CreateString’ differ in signedness [-Wpointer-sign]
         cJSON_AddStringToObject(data, "mac", conf.netcard.mac);
                                              ^
./include/cJSON.h:134:103: note: in definition of macro ‘cJSON_AddStringToObject’
 #define cJSON_AddStringToObject(object,name,s) cJSON_AddItemToObject(object, name, cJSON_CreateString(s))
                                                                                                       ^
./include/cJSON.h:90:15: note: expected ‘const char *’ but argument is of type ‘unsigned char *’
 extern cJSON *cJSON_CreateString(const char *string);
               ^
./src/client.c:278:23: warning: pointer targets in assignment differ in signedness [-Wpointer-sign]
         cli->recv_buf = cJSON_Print(root);
                       ^
./src/client.c:279:33: warning: pointer targets in passing argument 1 of ‘strlen’ differ in signedness [-Wpointer-sign]
         cli->recv_size = strlen(cli->recv_buf);
                                 ^
In file included from /usr/include/memory.h:29:0,
                 from ./include/base.h:14,
                 from ./src/client.c:1:
/usr/include/string.h:394:15: note: expected ‘const char *’ but argument is of type ‘unsigned char *’
 extern size_t strlen (const char *__s)
               ^
./src/client.c:282:9: warning: implicit declaration of function ‘stop_torrent’ [-Wimplicit-function-declaration]
         stop_torrent();
         ^
./src/client.c: In function ‘recv_cancel_send_desktop’:
./src/client.c:300:17: warning: pointer targets in initialization differ in signedness [-Wpointer-sign]
     char *buf = &cli->recv_buf[read_packet_token(cli->recv_head)];
                 ^
./src/client.c: In function ‘recv_progress’:
./src/client.c:313:17: warning: pointer targets in initialization differ in signedness [-Wpointer-sign]
     char *buf = &cli->recv_buf[read_packet_token(cli->recv_head)];
                 ^
./src/client.c:313:11: warning: unused variable ‘buf’ [-Wunused-variable]
     char *buf = &cli->recv_buf[read_packet_token(cli->recv_head)];
           ^
In file included from ./src/client.c:3:0:
./src/client.c: In function ‘send_progress’:
./src/client.c:338:50: warning: pointer targets in passing argument 1 of ‘cJSON_CreateString’ differ in signedness [-Wpointer-sign]
             cJSON_AddStringToObject(root, "mac", conf.netcard.mac);
                                                  ^
./include/cJSON.h:134:103: note: in definition of macro ‘cJSON_AddStringToObject’
 #define cJSON_AddStringToObject(object,name,s) cJSON_AddItemToObject(object, name, cJSON_CreateString(s))
                                                                                                       ^
./include/cJSON.h:90:15: note: expected ‘const char *’ but argument is of type ‘unsigned char *’
 extern cJSON *cJSON_CreateString(const char *string);
               ^
./src/client.c:351:27: warning: pointer targets in assignment differ in signedness [-Wpointer-sign]
             cli->send_buf = cJSON_Print(root);
                           ^
./src/client.c:352:37: warning: pointer targets in passing argument 1 of ‘strlen’ differ in signedness [-Wpointer-sign]
             cli->send_size = strlen(cli->send_buf);
                                     ^
In file included from /usr/include/memory.h:29:0,
                 from ./include/base.h:14,
                 from ./src/client.c:1:
/usr/include/string.h:394:15: note: expected ‘const char *’ but argument is of type ‘unsigned char *’
 extern size_t strlen (const char *__s)
               ^
In file included from ./src/client.c:1:0:
./src/client.c:354:17: warning: implicit declaration of function ‘state’ [-Wimplicit-function-declaration]
    if(STRPREFIX(state(s.state), "finished"))
                 ^
./include/base.h:67:34: note: in definition of macro ‘STRPREFIX’
 #define STRPREFIX(a,b) (strncmp((a),(b),strlen((b))) == 0)
                                  ^
./src/client.c:354:23: error: ‘s’ undeclared (first use in this function)
    if(STRPREFIX(state(s.state), "finished"))
                       ^
./include/base.h:67:34: note: in definition of macro ‘STRPREFIX’
 #define STRPREFIX(a,b) (strncmp((a),(b),strlen((b))) == 0)
                                  ^
./src/client.c:354:23: note: each undeclared identifier is reported only once for each function it appears in
    if(STRPREFIX(state(s.state), "finished"))
                       ^
./include/base.h:67:34: note: in definition of macro ‘STRPREFIX’
 #define STRPREFIX(a,b) (strncmp((a),(b),strlen((b))) == 0)
                                  ^
In file included from ./src/client.c:3:0:
./src/client.c:376:50: warning: pointer targets in passing argument 1 of ‘cJSON_CreateString’ differ in signedness [-Wpointer-sign]
             cJSON_AddStringToObject(root, "mac", conf.netcard.mac);
                                                  ^
./include/cJSON.h:134:103: note: in definition of macro ‘cJSON_AddStringToObject’
 #define cJSON_AddStringToObject(object,name,s) cJSON_AddItemToObject(object, name, cJSON_CreateString(s))
                                                                                                       ^
./include/cJSON.h:90:15: note: expected ‘const char *’ but argument is of type ‘unsigned char *’
 extern cJSON *cJSON_CreateString(const char *string);
               ^
./src/client.c:378:27: warning: pointer targets in assignment differ in signedness [-Wpointer-sign]
             cli->send_buf = cJSON_Print(root);
                           ^
./src/client.c:379:37: warning: pointer targets in passing argument 1 of ‘strlen’ differ in signedness [-Wpointer-sign]
             cli->send_size = strlen(cli->send_buf);
                                     ^
In file included from /usr/include/memory.h:29:0,
                 from ./include/base.h:14,
                 from ./src/client.c:1:
/usr/include/string.h:394:15: note: expected ‘const char *’ but argument is of type ‘unsigned char *’
 extern size_t strlen (const char *__s)
               ^
In file included from ./src/client.c:3:0:
./src/client.c: In function ‘send_cancel_p2v’:
./src/client.c:406:46: warning: pointer targets in passing argument 1 of ‘cJSON_CreateString’ differ in signedness [-Wpointer-sign]
         cJSON_AddStringToObject(data, "mac", conf.netcard.mac);
                                              ^
./include/cJSON.h:134:103: note: in definition of macro ‘cJSON_AddStringToObject’
 #define cJSON_AddStringToObject(object,name,s) cJSON_AddItemToObject(object, name, cJSON_CreateString(s))
                                                                                                       ^
./include/cJSON.h:90:15: note: expected ‘const char *’ but argument is of type ‘unsigned char *’
 extern cJSON *cJSON_CreateString(const char *string);
               ^
./src/client.c:409:23: warning: pointer targets in assignment differ in signedness [-Wpointer-sign]
         cli->recv_buf = cJSON_Print(root);
                       ^
./src/client.c:410:33: warning: pointer targets in passing argument 1 of ‘strlen’ differ in signedness [-Wpointer-sign]
         cli->recv_size = strlen(cli->recv_buf);
                                 ^
In file included from /usr/include/memory.h:29:0,
                 from ./include/base.h:14,
                 from ./src/client.c:1:
/usr/include/string.h:394:15: note: expected ‘const char *’ but argument is of type ‘unsigned char *’
 extern size_t strlen (const char *__s)
               ^
./src/client.c: In function ‘recv_cancel_p2v’:
./src/client.c:430:17: warning: pointer targets in initialization differ in signedness [-Wpointer-sign]
     char *buf = &cli->recv_buf[read_packet_token(cli->recv_head)];
                 ^
./src/client.c:436:9: warning: implicit declaration of function ‘cancel_conversion’ [-Wimplicit-function-declaration]
         cancel_conversion();
         ^
./src/client.c: In function ‘recv_p2v_transform’:
./src/client.c:447:17: warning: pointer targets in initialization differ in signedness [-Wpointer-sign]
     char *buf = &cli->recv_buf[read_packet_token(cli->recv_head)];
                 ^
./src/client.c:471:20: warning: passing argument 1 of ‘strcpy’ from incompatible pointer type [-Wincompatible-pointer-types]
             strcpy(&task.server_ip, server->ip);
                    ^
In file included from /usr/include/memory.h:29:0,
                 from ./include/base.h:14,
                 from ./src/client.c:1:
/usr/include/string.h:125:14: note: expected ‘char * restrict’ but argument is of type ‘char (*)[32]’
 extern char *strcpy (char *__restrict __dest, const char *__restrict __src)
              ^
./src/client.c:471:37: warning: pointer targets in passing argument 2 of ‘strcpy’ differ in signedness [-Wpointer-sign]
             strcpy(&task.server_ip, server->ip);
                                     ^
In file included from /usr/include/memory.h:29:0,
                 from ./include/base.h:14,
                 from ./src/client.c:1:
/usr/include/string.h:125:14: note: expected ‘const char * restrict’ but argument is of type ‘unsigned char *’
 extern char *strcpy (char *__restrict __dest, const char *__restrict __src)
              ^
./src/client.c:473:24: warning: passing argument 1 of ‘strcpy’ from incompatible pointer type [-Wincompatible-pointer-types]
                 strcpy(&task.user, user->valuestring);
                        ^
In file included from /usr/include/memory.h:29:0,
                 from ./include/base.h:14,
                 from ./src/client.c:1:
/usr/include/string.h:125:14: note: expected ‘char * restrict’ but argument is of type ‘char (*)[32]’
 extern char *strcpy (char *__restrict __dest, const char *__restrict __src)
              ^
./src/client.c:475:24: warning: passing argument 1 of ‘strcpy’ from incompatible pointer type [-Wincompatible-pointer-types]
                 strcpy(&task.passwd, password->valuestring);
                        ^
In file included from /usr/include/memory.h:29:0,
                 from ./include/base.h:14,
                 from ./src/client.c:1:
/usr/include/string.h:125:14: note: expected ‘char * restrict’ but argument is of type ‘char (*)[32]’
 extern char *strcpy (char *__restrict __dest, const char *__restrict __src)
              ^
./src/client.c:477:24: warning: passing argument 1 of ‘strcpy’ from incompatible pointer type [-Wincompatible-pointer-types]
                 strcpy(&task.storage, storage->valuestring);
                        ^
In file included from /usr/include/memory.h:29:0,
                 from ./include/base.h:14,
                 from ./src/client.c:1:
/usr/include/string.h:125:14: note: expected ‘char * restrict’ but argument is of type ‘char (*)[32]’
 extern char *strcpy (char *__restrict __dest, const char *__restrict __src)
              ^
./src/client.c:479:24: warning: passing argument 1 of ‘strcpy’ from incompatible pointer type [-Wincompatible-pointer-types]
                 strcpy(&task.image_name, item->valuestring);
                        ^
In file included from /usr/include/memory.h:29:0,
                 from ./include/base.h:14,
                 from ./src/client.c:1:
/usr/include/string.h:125:14: note: expected ‘char * restrict’ but argument is of type ‘char (*)[128]’
 extern char *strcpy (char *__restrict __dest, const char *__restrict __src)
              ^
./src/client.c:486:35: warning: pointer targets in passing argument 2 of ‘en_queue’ differ in signedness [-Wpointer-sign]
             en_queue(&task_queue, (char *)&task, sizeof(struct p2v_task), TASK_P2V);
                                   ^
In file included from ./include/global.h:4:0,
                 from ./include/base.h:40,
                 from ./src/client.c:1:
./include/queue.h:30:15: note: expected ‘unsigned char *’ but argument is of type ‘char *’
 unsigned char en_queue(QUEUE *pQueue,unsigned char *ucpData,unsigned int uiSize,unsigned char ucType);
               ^
./src/client.c:491:13: warning: implicit declaration of function ‘send_error_msg’ [-Wimplicit-function-declaration]
             send_error_msg(P2V_NAME_ERR);
             ^
In file included from ./src/client.c:3:0:
./src/client.c: In function ‘send_p2v_transform’:
./src/client.c:515:46: warning: pointer targets in passing argument 1 of ‘cJSON_CreateString’ differ in signedness [-Wpointer-sign]
         cJSON_AddStringToObject(root, "mac", conf.netcard.mac);
                                              ^
./include/cJSON.h:134:103: note: in definition of macro ‘cJSON_AddStringToObject’
 #define cJSON_AddStringToObject(object,name,s) cJSON_AddItemToObject(object, name, cJSON_CreateString(s))
                                                                                                       ^
./include/cJSON.h:90:15: note: expected ‘const char *’ but argument is of type ‘unsigned char *’
 extern cJSON *cJSON_CreateString(const char *string);
               ^
./src/client.c:516:47: warning: pointer targets in passing argument 1 of ‘cJSON_CreateString’ differ in signedness [-Wpointer-sign]
         cJSON_AddStringToObject(root, "name", info->template_name);
                                               ^
./include/cJSON.h:134:103: note: in definition of macro ‘cJSON_AddStringToObject’
 #define cJSON_AddStringToObject(object,name,s) cJSON_AddItemToObject(object, name, cJSON_CreateString(s))
                                                                                                       ^
./include/cJSON.h:90:15: note: expected ‘const char *’ but argument is of type ‘unsigned char *’
 extern cJSON *cJSON_CreateString(const char *string);
               ^
./src/client.c:517:47: warning: passing argument 1 of ‘cJSON_CreateString’ from incompatible pointer type [-Wincompatible-pointer-types]
         cJSON_AddStringToObject(root, "desc", info->template_desc);
                                               ^
./include/cJSON.h:134:103: note: in definition of macro ‘cJSON_AddStringToObject’
 #define cJSON_AddStringToObject(object,name,s) cJSON_AddItemToObject(object, name, cJSON_CreateString(s))
                                                                                                       ^
./include/cJSON.h:90:15: note: expected ‘const char *’ but argument is of type ‘unsigned int *’
 extern cJSON *cJSON_CreateString(const char *string);
               ^
./src/client.c:525:23: warning: pointer targets in assignment differ in signedness [-Wpointer-sign]
         cli->send_buf = cJSON_Print(root);
                       ^
./src/client.c:526:33: warning: pointer targets in passing argument 1 of ‘strlen’ differ in signedness [-Wpointer-sign]
         cli->send_size = strlen(cli->send_buf);
                                 ^
In file included from /usr/include/memory.h:29:0,
                 from ./include/base.h:14,
                 from ./src/client.c:1:
/usr/include/string.h:394:15: note: expected ‘const char *’ but argument is of type ‘unsigned char *’
 extern size_t strlen (const char *__s)
               ^
In file included from ./src/client.c:3:0:
./src/client.c: In function ‘send_desktop_tcp’:
./src/client.c:570:46: warning: pointer targets in passing argument 1 of ‘cJSON_CreateString’ differ in signedness [-Wpointer-sign]
         cJSON_AddStringToObject(data, "mac", conf.netcard.mac);
                                              ^
./include/cJSON.h:134:103: note: in definition of macro ‘cJSON_AddStringToObject’
 #define cJSON_AddStringToObject(object,name,s) cJSON_AddItemToObject(object, name, cJSON_CreateString(s))
                                                                                                       ^
./include/cJSON.h:90:15: note: expected ‘const char *’ but argument is of type ‘unsigned char *’
 extern cJSON *cJSON_CreateString(const char *string);
               ^
./src/client.c:573:23: warning: pointer targets in assignment differ in signedness [-Wpointer-sign]
         cli->recv_buf = cJSON_Print(root);
                       ^
./src/client.c:574:33: warning: pointer targets in passing argument 1 of ‘strlen’ differ in signedness [-Wpointer-sign]
         cli->recv_size = strlen(cli->recv_buf);
                                 ^
In file included from /usr/include/memory.h:29:0,
                 from ./include/base.h:14,
                 from ./src/client.c:1:
/usr/include/string.h:394:15: note: expected ‘const char *’ but argument is of type ‘unsigned char *’
 extern size_t strlen (const char *__s)
               ^
./src/client.c: In function ‘recv_desktop_tcp’:
./src/client.c:592:14: warning: pointer targets in initialization differ in signedness [-Wpointer-sign]
  char *buf = &cli->recv_buf[read_packet_token(cli->recv_head)];
              ^
./src/client.c:596:2: warning: implicit declaration of function ‘update_desktop’ [-Wimplicit-function-declaration]
  update_desktop(buf);
  ^
In file included from ./src/client.c:1:0:
./include/base.h:47:21: warning: format ‘%s’ expects argument of type ‘char *’, but argument 3 has type ‘cJSON * {aka struct cJSON *}’ [-Wformat=]
         do { printf("File: "__FILE__", Line: %05d: " format"\r\n", __LINE__, ##__VA_ARGS__); \
                     ^
./src/client.c:597:2: note: in expansion of macro ‘DEBUG’
  DEBUG("%s", cJSON_Parse((char *)buf));
  ^
./src/client.c:643:46: warning: implicit declaration of function ‘get_operate_qcow2’ [-Wimplicit-function-declaration]
                   if(operate_id->valueint == get_operate_qcow2(uuid->valuestring, 0)) //共享盘已存在不再下载
                                              ^
./src/client.c:674:28: warning: pointer targets in passing argument 2 of ‘en_queue’ differ in signedness [-Wpointer-sign]
      en_queue(&task_queue, (char *)&ev_task, sizeof(struct event_task), TASK_EVENT);
                            ^
In file included from ./include/global.h:4:0,
                 from ./include/base.h:40,
                 from ./src/client.c:1:
./include/queue.h:30:15: note: expected ‘unsigned char *’ but argument is of type ‘char *’
 unsigned char en_queue(QUEUE *pQueue,unsigned char *ucpData,unsigned int uiSize,unsigned char ucType);
               ^
./src/client.c:676:37: warning: pointer targets in passing argument 2 of ‘en_queue’ differ in signedness [-Wpointer-sign]
               en_queue(&task_queue, (char *)&task, sizeof(struct http_task), TASK_HTTP);
                                     ^
In file included from ./include/global.h:4:0,
                 from ./include/base.h:40,
                 from ./src/client.c:1:
./include/queue.h:30:15: note: expected ‘unsigned char *’ but argument is of type ‘char *’
 unsigned char en_queue(QUEUE *pQueue,unsigned char *ucpData,unsigned int uiSize,unsigned char ucType);
               ^
./src/client.c:607:11: warning: unused variable ‘desktop_group_uuid’ [-Wunused-variable]
    cJSON *desktop_group_uuid = cJSON_GetObjectItem(desktop, "desktop_group_uuid");
           ^
In file included from ./src/client.c:3:0:
./src/client.c: In function ‘send_desktop’:
./src/client.c:710:46: warning: pointer targets in passing argument 1 of ‘cJSON_CreateString’ differ in signedness [-Wpointer-sign]
         cJSON_AddStringToObject(data, "mac", conf.netcard.mac);
                                              ^
./include/cJSON.h:134:103: note: in definition of macro ‘cJSON_AddStringToObject’
 #define cJSON_AddStringToObject(object,name,s) cJSON_AddItemToObject(object, name, cJSON_CreateString(s))
                                                                                                       ^
./include/cJSON.h:90:15: note: expected ‘const char *’ but argument is of type ‘unsigned char *’
 extern cJSON *cJSON_CreateString(const char *string);
               ^
./src/client.c:713:23: warning: pointer targets in assignment differ in signedness [-Wpointer-sign]
         cli->recv_buf = cJSON_Print(root);
                       ^
./src/client.c:714:33: warning: pointer targets in passing argument 1 of ‘strlen’ differ in signedness [-Wpointer-sign]
         cli->recv_size = strlen(cli->recv_buf);
                                 ^
In file included from /usr/include/memory.h:29:0,
                 from ./include/base.h:14,
                 from ./src/client.c:1:
/usr/include/string.h:394:15: note: expected ‘const char *’ but argument is of type ‘unsigned char *’
 extern size_t strlen (const char *__s)
               ^
./src/client.c: In function ‘recv_desktop’:
./src/client.c:732:14: warning: pointer targets in initialization differ in signedness [-Wpointer-sign]
  char *buf = &cli->recv_buf[read_packet_token(cli->recv_head)];
              ^
./src/client.c:793:24: warning: implicit declaration of function ‘del_qcow2’ [-Wimplicit-function-declaration]
                        del_qcow2(dev_info.mini_disk->dev, uuid->valuestring, 0);
                        ^
./src/client.c:794:24: warning: implicit declaration of function ‘del_diff_qcow2’ [-Wimplicit-function-declaration]
                        del_diff_qcow2(dev_info.mini_disk->dev, uuid->valuestring);
                        ^
./src/client.c:811:29: warning: pointer targets in passing argument 2 of ‘en_queue’ differ in signedness [-Wpointer-sign]
       en_queue(&task_queue, (char *)&task, sizeof(struct torrent_task), TASK_BT);
                             ^
In file included from ./include/global.h:4:0,
                 from ./include/base.h:40,
                 from ./src/client.c:1:
./include/queue.h:30:15: note: expected ‘unsigned char *’ but argument is of type ‘char *’
 unsigned char en_queue(QUEUE *pQueue,unsigned char *ucpData,unsigned int uiSize,unsigned char ucType);
               ^
./src/client.c:822:29: warning: pointer targets in passing argument 2 of ‘en_queue’ differ in signedness [-Wpointer-sign]
       en_queue(&task_queue, (char *)&ev_task, sizeof(struct event_task), TASK_EVENT);
                             ^
In file included from ./include/global.h:4:0,
                 from ./include/base.h:40,
                 from ./src/client.c:1:
./include/queue.h:30:15: note: expected ‘unsigned char *’ but argument is of type ‘char *’
 unsigned char en_queue(QUEUE *pQueue,unsigned char *ucpData,unsigned int uiSize,unsigned char ucType);
               ^
In file included from ./src/client.c:3:0:
./src/client.c: In function ‘send_down_torrent’:
./src/client.c:851:46: warning: pointer targets in passing argument 1 of ‘cJSON_CreateString’ differ in signedness [-Wpointer-sign]
         cJSON_AddStringToObject(data, "mac", conf.netcard.mac);
                                              ^
./include/cJSON.h:134:103: note: in definition of macro ‘cJSON_AddStringToObject’
 #define cJSON_AddStringToObject(object,name,s) cJSON_AddItemToObject(object, name, cJSON_CreateString(s))
                                                                                                       ^
./include/cJSON.h:90:15: note: expected ‘const char *’ but argument is of type ‘unsigned char *’
 extern cJSON *cJSON_CreateString(const char *string);
               ^
./src/client.c:854:17: warning: pointer targets in assignment differ in signedness [-Wpointer-sign]
   cli->recv_buf = cJSON_Print(root);
                 ^
./src/client.c:855:27: warning: pointer targets in passing argument 1 of ‘strlen’ differ in signedness [-Wpointer-sign]
   cli->recv_size = strlen(cli->recv_buf);
                           ^
In file included from /usr/include/memory.h:29:0,
                 from ./include/base.h:14,
                 from ./src/client.c:1:
/usr/include/string.h:394:15: note: expected ‘const char *’ but argument is of type ‘unsigned char *’
 extern size_t strlen (const char *__s)
               ^
./src/client.c: In function ‘recv_down_torrent’:
./src/client.c:880:58: warning: implicit declaration of function ‘read_packet_supplementary’ [-Wimplicit-function-declaration]
     yzy_torrent *torrent = (yzy_torrent *)&cli->recv_buf[read_packet_supplementary(cli->recv_head) +
                                                          ^
./src/client.c:903:18: warning: pointer targets in initialization differ in signedness [-Wpointer-sign]
     char *data = &cli->recv_buf[read_packet_supplementary(cli->recv_head) +
                  ^
./src/client.c:967:35: warning: pointer targets in passing argument 2 of ‘en_queue’ differ in signedness [-Wpointer-sign]
             en_queue(&task_queue, (char *)&task, sizeof(struct torrent_task), TASK_BT);
                                   ^
In file included from ./include/global.h:4:0,
                 from ./include/base.h:40,
                 from ./src/client.c:1:
./include/queue.h:30:15: note: expected ‘unsigned char *’ but argument is of type ‘char *’
 unsigned char en_queue(QUEUE *pQueue,unsigned char *ucpData,unsigned int uiSize,unsigned char ucType);
               ^
In file included from ./src/client.c:3:0:
./src/client.c: In function ‘send_clear_target_desktop’:
./src/client.c:998:46: warning: pointer targets in passing argument 1 of ‘cJSON_CreateString’ differ in signedness [-Wpointer-sign]
         cJSON_AddStringToObject(data, "mac", conf.netcard.mac);
                                              ^
./include/cJSON.h:134:103: note: in definition of macro ‘cJSON_AddStringToObject’
 #define cJSON_AddStringToObject(object,name,s) cJSON_AddItemToObject(object, name, cJSON_CreateString(s))
                                                                                                       ^
./include/cJSON.h:90:15: note: expected ‘const char *’ but argument is of type ‘unsigned char *’
 extern cJSON *cJSON_CreateString(const char *string);
               ^
./src/client.c:1002:23: warning: pointer targets in assignment differ in signedness [-Wpointer-sign]
         cli->recv_buf = cJSON_Print(root);
                       ^
./src/client.c:1003:33: warning: pointer targets in passing argument 1 of ‘strlen’ differ in signedness [-Wpointer-sign]
         cli->recv_size = strlen(cli->recv_buf);
                                 ^
In file included from /usr/include/memory.h:29:0,
                 from ./include/base.h:14,
                 from ./src/client.c:1:
/usr/include/string.h:394:15: note: expected ‘const char *’ but argument is of type ‘unsigned char *’
 extern size_t strlen (const char *__s)
               ^
./src/client.c: In function ‘recv_clear_target_desktop’:
./src/client.c:1021:17: warning: pointer targets in initialization differ in signedness [-Wpointer-sign]
     char *buf = &cli->recv_buf[read_packet_token(cli->recv_head)];
                 ^
In file included from ./src/client.c:3:0:
./src/client.c: In function ‘send_clear_all_desktop’:
./src/client.c:1069:46: warning: pointer targets in passing argument 1 of ‘cJSON_CreateString’ differ in signedness [-Wpointer-sign]
         cJSON_AddStringToObject(data, "mac", conf.netcard.mac);
                                              ^
./include/cJSON.h:134:103: note: in definition of macro ‘cJSON_AddStringToObject’
 #define cJSON_AddStringToObject(object,name,s) cJSON_AddItemToObject(object, name, cJSON_CreateString(s))
                                                                                                       ^
./include/cJSON.h:90:15: note: expected ‘const char *’ but argument is of type ‘unsigned char *’
 extern cJSON *cJSON_CreateString(const char *string);
               ^
./src/client.c:1072:23: warning: pointer targets in assignment differ in signedness [-Wpointer-sign]
         cli->recv_buf = cJSON_Print(root);
                       ^
./src/client.c:1073:33: warning: pointer targets in passing argument 1 of ‘strlen’ differ in signedness [-Wpointer-sign]
         cli->recv_size = strlen(cli->recv_buf);
                                 ^
In file included from /usr/include/memory.h:29:0,
                 from ./include/base.h:14,
                 from ./src/client.c:1:
/usr/include/string.h:394:15: note: expected ‘const char *’ but argument is of type ‘unsigned char *’
 extern size_t strlen (const char *__s)
               ^
./src/client.c: In function ‘recv_clear_all_desktop’:
./src/client.c:1091:17: warning: pointer targets in initialization differ in signedness [-Wpointer-sign]
     char *buf = &cli->recv_buf[read_packet_token(cli->recv_head)];
                 ^
./src/client.c:1097:9: warning: implicit declaration of function ‘init_qcow2’ [-Wimplicit-function-declaration]
         init_qcow2(dev_info.mini_disk->dev, 0);
         ^
In file included from ./src/client.c:3:0:
./src/client.c: In function ‘send_update_diff_disk’:
./src/client.c:1120:46: warning: pointer targets in passing argument 1 of ‘cJSON_CreateString’ differ in signedness [-Wpointer-sign]
         cJSON_AddStringToObject(data, "mac", conf.netcard.mac);
                                              ^
./include/cJSON.h:134:103: note: in definition of macro ‘cJSON_AddStringToObject’
 #define cJSON_AddStringToObject(object,name,s) cJSON_AddItemToObject(object, name, cJSON_CreateString(s))
                                                                                                       ^
./include/cJSON.h:90:15: note: expected ‘const char *’ but argument is of type ‘unsigned char *’
 extern cJSON *cJSON_CreateString(const char *string);
               ^
./src/client.c:1123:23: warning: pointer targets in assignment differ in signedness [-Wpointer-sign]
         cli->recv_buf = cJSON_Print(root);
                       ^
./src/client.c:1124:33: warning: pointer targets in passing argument 1 of ‘strlen’ differ in signedness [-Wpointer-sign]
         cli->recv_size = strlen(cli->recv_buf);
                                 ^
In file included from /usr/include/memory.h:29:0,
                 from ./include/base.h:14,
                 from ./src/client.c:1:
/usr/include/string.h:394:15: note: expected ‘const char *’ but argument is of type ‘unsigned char *’
 extern size_t strlen (const char *__s)
               ^
./src/client.c: In function ‘recv_update_diff_disk’:
./src/client.c:1143:17: warning: pointer targets in initialization differ in signedness [-Wpointer-sign]
     char *buf = &cli->recv_buf[read_packet_token(cli->recv_head)];
                 ^
./src/client.c:1155:40: warning: variable ‘download_url’ set but not used [-Wunused-but-set-variable]
         cJSON *name, *uuid, *version, *download_url;
                                        ^
./src/client.c:1155:30: warning: variable ‘version’ set but not used [-Wunused-but-set-variable]
         cJSON *name, *uuid, *version, *download_url;
                              ^
./src/client.c:1155:23: warning: variable ‘uuid’ set but not used [-Wunused-but-set-variable]
         cJSON *name, *uuid, *version, *download_url;
                       ^
./src/client.c:1155:16: warning: variable ‘name’ set but not used [-Wunused-but-set-variable]
         cJSON *name, *uuid, *version, *download_url;
                ^
In file included from ./src/client.c:3:0:
./src/client.c: In function ‘send_update_config’:
./src/client.c:1189:46: warning: pointer targets in passing argument 1 of ‘cJSON_CreateString’ differ in signedness [-Wpointer-sign]
         cJSON_AddStringToObject(data, "mac", conf.netcard.mac);
                                              ^
./include/cJSON.h:134:103: note: in definition of macro ‘cJSON_AddStringToObject’
 #define cJSON_AddStringToObject(object,name,s) cJSON_AddItemToObject(object, name, cJSON_CreateString(s))
                                                                                                       ^
./include/cJSON.h:90:15: note: expected ‘const char *’ but argument is of type ‘unsigned char *’
 extern cJSON *cJSON_CreateString(const char *string);
               ^
./src/client.c:1192:23: warning: pointer targets in assignment differ in signedness [-Wpointer-sign]
         cli->recv_buf = cJSON_Print(root);
                       ^
./src/client.c:1193:33: warning: pointer targets in passing argument 1 of ‘strlen’ differ in signedness [-Wpointer-sign]
         cli->recv_size = strlen(cli->recv_buf);
                                 ^
In file included from /usr/include/memory.h:29:0,
                 from ./include/base.h:14,
                 from ./src/client.c:1:
/usr/include/string.h:394:15: note: expected ‘const char *’ but argument is of type ‘unsigned char *’
 extern size_t strlen (const char *__s)
               ^
./src/client.c: In function ‘recv_update_config’:
./src/client.c:1212:17: warning: pointer targets in initialization differ in signedness [-Wpointer-sign]
     char *buf = &cli->recv_buf[read_packet_token(cli->recv_head)];
                 ^
./src/client.c:1237:20: warning: pointer targets in passing argument 1 of ‘strcpy’ differ in signedness [-Wpointer-sign]
             strcpy(conf.server.ip, server_ip->valuestring);
                    ^
In file included from /usr/include/memory.h:29:0,
                 from ./include/base.h:14,
                 from ./src/client.c:1:
/usr/include/string.h:125:14: note: expected ‘char * restrict’ but argument is of type ‘unsigned char *’
 extern char *strcpy (char *__restrict __dest, const char *__restrict __src)
              ^
./src/client.c:1239:9: warning: implicit declaration of function ‘save_config’ [-Wimplicit-function-declaration]
         save_config();
         ^
./src/client.c:1240:9: warning: implicit declaration of function ‘send_config_pipe’ [-Wimplicit-function-declaration]
         send_config_pipe();
         ^
In file included from ./src/client.c:3:0:
./src/client.c: In function ‘send_update_ip’:
./src/client.c:1266:46: warning: pointer targets in passing argument 1 of ‘cJSON_CreateString’ differ in signedness [-Wpointer-sign]
         cJSON_AddStringToObject(data, "mac", conf.netcard.mac);
                                              ^
./include/cJSON.h:134:103: note: in definition of macro ‘cJSON_AddStringToObject’
 #define cJSON_AddStringToObject(object,name,s) cJSON_AddItemToObject(object, name, cJSON_CreateString(s))
                                                                                                       ^
./include/cJSON.h:90:15: note: expected ‘const char *’ but argument is of type ‘unsigned char *’
 extern cJSON *cJSON_CreateString(const char *string);
               ^
./src/client.c:1269:23: warning: pointer targets in assignment differ in signedness [-Wpointer-sign]
         cli->recv_buf = cJSON_Print(root);
                       ^
./src/client.c:1270:33: warning: pointer targets in passing argument 1 of ‘strlen’ differ in signedness [-Wpointer-sign]
         cli->recv_size = strlen(cli->recv_buf); 
                                 ^
In file included from /usr/include/memory.h:29:0,
                 from ./include/base.h:14,
                 from ./src/client.c:1:
/usr/include/string.h:394:15: note: expected ‘const char *’ but argument is of type ‘unsigned char *’
 extern size_t strlen (const char *__s)
               ^
./src/client.c: In function ‘recv_update_ip’:
./src/client.c:1288:17: warning: pointer targets in initialization differ in signedness [-Wpointer-sign]
     char *buf = &cli->recv_buf[read_packet_token(cli->recv_head)];
                 ^
./src/client.c:1302:20: warning: pointer targets in passing argument 1 of ‘strcpy’ differ in signedness [-Wpointer-sign]
             strcpy(conf.netcard.ip, ip->valuestring);
                    ^
In file included from /usr/include/memory.h:29:0,
                 from ./include/base.h:14,
                 from ./src/client.c:1:
/usr/include/string.h:125:14: note: expected ‘char * restrict’ but argument is of type ‘unsigned char *’
 extern char *strcpy (char *__restrict __dest, const char *__restrict __src)
              ^
./src/client.c:1304:20: warning: pointer targets in passing argument 1 of ‘strcpy’ differ in signedness [-Wpointer-sign]
             strcpy(conf.netcard.netmask, mask->valuestring);
                    ^
In file included from /usr/include/memory.h:29:0,
                 from ./include/base.h:14,
                 from ./src/client.c:1:
/usr/include/string.h:125:14: note: expected ‘char * restrict’ but argument is of type ‘unsigned char *’
 extern char *strcpy (char *__restrict __dest, const char *__restrict __src)
              ^
./src/client.c:1306:20: warning: pointer targets in passing argument 1 of ‘strcpy’ differ in signedness [-Wpointer-sign]
             strcpy(conf.netcard.gateway, gateway->valuestring);
                    ^
In file included from /usr/include/memory.h:29:0,
                 from ./include/base.h:14,
                 from ./src/client.c:1:
/usr/include/string.h:125:14: note: expected ‘char * restrict’ but argument is of type ‘unsigned char *’
 extern char *strcpy (char *__restrict __dest, const char *__restrict __src)
              ^
./src/client.c:1308:20: warning: pointer targets in passing argument 1 of ‘strcpy’ differ in signedness [-Wpointer-sign]
             strcpy(conf.netcard.dns1, dns1->valuestring);
                    ^
In file included from /usr/include/memory.h:29:0,
                 from ./include/base.h:14,
                 from ./src/client.c:1:
/usr/include/string.h:125:14: note: expected ‘char * restrict’ but argument is of type ‘unsigned char *’
 extern char *strcpy (char *__restrict __dest, const char *__restrict __src)
              ^
./src/client.c:1310:20: warning: pointer targets in passing argument 1 of ‘strcpy’ differ in signedness [-Wpointer-sign]
             strcpy(conf.netcard.dns2, dns2->valuestring);
                    ^
In file included from /usr/include/memory.h:29:0,
                 from ./include/base.h:14,
                 from ./src/client.c:1:
/usr/include/string.h:125:14: note: expected ‘char * restrict’ but argument is of type ‘unsigned char *’
 extern char *strcpy (char *__restrict __dest, const char *__restrict __src)
              ^
./src/client.c:1315:9: warning: implicit declaration of function ‘set_network’ [-Wimplicit-function-declaration]
         set_network(ip->valuestring, mask->valuestring);
         ^
In file included from ./src/client.c:3:0:
./src/client.c: In function ‘send_update_name’:
./src/client.c:1341:46: warning: pointer targets in passing argument 1 of ‘cJSON_CreateString’ differ in signedness [-Wpointer-sign]
         cJSON_AddStringToObject(data, "mac", conf.netcard.mac);
                                              ^
./include/cJSON.h:134:103: note: in definition of macro ‘cJSON_AddStringToObject’
 #define cJSON_AddStringToObject(object,name,s) cJSON_AddItemToObject(object, name, cJSON_CreateString(s))
                                                                                                       ^
./include/cJSON.h:90:15: note: expected ‘const char *’ but argument is of type ‘unsigned char *’
 extern cJSON *cJSON_CreateString(const char *string);
               ^
./src/client.c:1344:23: warning: pointer targets in assignment differ in signedness [-Wpointer-sign]
         cli->recv_buf = cJSON_Print(root);
                       ^
./src/client.c:1345:33: warning: pointer targets in passing argument 1 of ‘strlen’ differ in signedness [-Wpointer-sign]
         cli->recv_size = strlen(cli->recv_buf);
                                 ^
In file included from /usr/include/memory.h:29:0,
                 from ./include/base.h:14,
                 from ./src/client.c:1:
/usr/include/string.h:394:15: note: expected ‘const char *’ but argument is of type ‘unsigned char *’
 extern size_t strlen (const char *__s)
               ^
./src/client.c: In function ‘recv_update_name’:
./src/client.c:1363:17: warning: pointer targets in initialization differ in signedness [-Wpointer-sign]
     char *buf = &cli->recv_buf[read_packet_token(cli->recv_head)];
                 ^
./src/client.c:1372:20: warning: pointer targets in passing argument 1 of ‘strcpy’ differ in signedness [-Wpointer-sign]
             strcpy(conf.terminal.name, name->valuestring);
                    ^
In file included from /usr/include/memory.h:29:0,
                 from ./include/base.h:14,
                 from ./src/client.c:1:
/usr/include/string.h:125:14: note: expected ‘char * restrict’ but argument is of type ‘unsigned char *’
 extern char *strcpy (char *__restrict __dest, const char *__restrict __src)
              ^
In file included from ./src/client.c:3:0:
./src/client.c: In function ‘send_reboot’:
./src/client.c:1400:46: warning: pointer targets in passing argument 1 of ‘cJSON_CreateString’ differ in signedness [-Wpointer-sign]
         cJSON_AddStringToObject(data, "mac", conf.netcard.mac);
                                              ^
./include/cJSON.h:134:103: note: in definition of macro ‘cJSON_AddStringToObject’
 #define cJSON_AddStringToObject(object,name,s) cJSON_AddItemToObject(object, name, cJSON_CreateString(s))
                                                                                                       ^
./include/cJSON.h:90:15: note: expected ‘const char *’ but argument is of type ‘unsigned char *’
 extern cJSON *cJSON_CreateString(const char *string);
               ^
./src/client.c:1403:23: warning: pointer targets in assignment differ in signedness [-Wpointer-sign]
         cli->recv_buf = cJSON_Print(root);
                       ^
./src/client.c:1404:33: warning: pointer targets in passing argument 1 of ‘strlen’ differ in signedness [-Wpointer-sign]
         cli->recv_size = strlen(cli->recv_buf);
                                 ^
In file included from /usr/include/memory.h:29:0,
                 from ./include/base.h:14,
                 from ./src/client.c:1:
/usr/include/string.h:394:15: note: expected ‘const char *’ but argument is of type ‘unsigned char *’
 extern size_t strlen (const char *__s)
               ^
./src/client.c: In function ‘recv_reboot’:
./src/client.c:1434:17: warning: pointer targets in initialization differ in signedness [-Wpointer-sign]
     char *buf = &cli->recv_buf[read_packet_token(cli->recv_head)];
                 ^
./src/client.c: In function ‘recv_get_diff_torrent’:
./src/client.c:1450:14: warning: pointer targets in initialization differ in signedness [-Wpointer-sign]
  char *buf = &cli->recv_buf[read_packet_token(cli->recv_head)];
              ^
./src/client.c:1525:37: warning: pointer targets in passing argument 2 of ‘en_queue’ differ in signedness [-Wpointer-sign]
               en_queue(&task_queue, (char *)&task, sizeof(struct torrent_task), TASK_BT);
                                     ^
In file included from ./include/global.h:4:0,
                 from ./include/base.h:40,
                 from ./src/client.c:1:
./include/queue.h:30:15: note: expected ‘unsigned char *’ but argument is of type ‘char *’
 unsigned char en_queue(QUEUE *pQueue,unsigned char *ucpData,unsigned int uiSize,unsigned char ucType);
               ^
./src/client.c:1527:5: warning: implicit declaration of function ‘update_desktop_disk_level’ [-Wimplicit-function-declaration]
     update_desktop_disk_level(desktop_group_uuid->valuestring, diff_disk_uuid->valuestring, dif_level->valueint, 
     ^
In file included from ./src/client.c:3:0:
./src/client.c: In function ‘send_get_diff_torrent’:
./src/client.c:1545:46: warning: pointer targets in passing argument 1 of ‘cJSON_CreateString’ differ in signedness [-Wpointer-sign]
         cJSON_AddStringToObject(root, "mac", conf.netcard.mac);
                                              ^
./include/cJSON.h:134:103: note: in definition of macro ‘cJSON_AddStringToObject’
 #define cJSON_AddStringToObject(object,name,s) cJSON_AddItemToObject(object, name, cJSON_CreateString(s))
                                                                                                       ^
./include/cJSON.h:90:15: note: expected ‘const char *’ but argument is of type ‘unsigned char *’
 extern cJSON *cJSON_CreateString(const char *string);
               ^
./src/client.c:1551:23: warning: pointer targets in assignment differ in signedness [-Wpointer-sign]
         cli->send_buf = cJSON_Print(root);
                       ^
./src/client.c:1552:33: warning: pointer targets in passing argument 1 of ‘strlen’ differ in signedness [-Wpointer-sign]
         cli->send_size = strlen(cli->send_buf);
                                 ^
In file included from /usr/include/memory.h:29:0,
                 from ./include/base.h:14,
                 from ./src/client.c:1:
/usr/include/string.h:394:15: note: expected ‘const char *’ but argument is of type ‘unsigned char *’
 extern size_t strlen (const char *__s)
               ^
./src/client.c: In function ‘recv_get_desktop_group_list’:
./src/client.c:1566:17: warning: pointer targets in initialization differ in signedness [-Wpointer-sign]
     char *buf = &cli->recv_buf[read_packet_token(cli->recv_head)];
                 ^
./src/client.c:1639:33: warning: implicit declaration of function ‘scan_qcow2’ [-Wimplicit-function-declaration]
                             if (scan_qcow2(uuid->valuestring, 0) == NULL) //之前没有数据盘base 0, 新增的数据盘
                                 ^
./src/client.c:1639:66: warning: comparison between pointer and integer
                             if (scan_qcow2(uuid->valuestring, 0) == NULL) //之前没有数据盘base 0, 新增的数据盘
                                                                  ^
In file included from ./src/client.c:1:0:
./src/client.c:1688:61: warning: implicit declaration of function ‘get_diff_mode_qcow2’ [-Wimplicit-function-declaration]
          DEBUG("get_diff_mode_qcow2(uuid->valuestring) %d", get_diff_mode_qcow2(uuid->valuestring));
                                                             ^
./include/base.h:47:80: note: in definition of macro ‘DEBUG’
         do { printf("File: "__FILE__", Line: %05d: " format"\r\n", __LINE__, ##__VA_ARGS__); \
                                                                                ^
./src/client.c:1581:32: warning: unused variable ‘show_desktop_info’ [-Wunused-variable]
                 *os_sys_type, *show_desktop_info, *diff_mode;
                                ^
./src/client.c:1581:18: warning: unused variable ‘os_sys_type’ [-Wunused-variable]
                 *os_sys_type, *show_desktop_info, *diff_mode;
                  ^
./src/client.c:1580:85: warning: unused variable ‘desktop_name’ [-Wunused-variable]
                 *desktop_group_uuid, *desktop_ip, *desktop_is_dhcp, *desktop_mask, *desktop_name, *disks,
                                                                                     ^
./src/client.c:1580:70: warning: unused variable ‘desktop_mask’ [-Wunused-variable]
                 *desktop_group_uuid, *desktop_ip, *desktop_is_dhcp, *desktop_mask, *desktop_name, *disks,
                                                                      ^
./src/client.c:1580:52: warning: unused variable ‘desktop_is_dhcp’ [-Wunused-variable]
                 *desktop_group_uuid, *desktop_ip, *desktop_is_dhcp, *desktop_mask, *desktop_name, *disks,
                                                    ^
./src/client.c:1580:39: warning: unused variable ‘desktop_ip’ [-Wunused-variable]
                 *desktop_group_uuid, *desktop_ip, *desktop_is_dhcp, *desktop_mask, *desktop_name, *disks,
                                       ^
./src/client.c:1579:84: warning: unused variable ‘desktop_group_status’ [-Wunused-variable]
                 *desktop_group_desc, *desktop_group_name, *desktop_group_restore, *desktop_group_status,
                                                                                    ^
./src/client.c:1579:60: warning: unused variable ‘desktop_group_restore’ [-Wunused-variable]
                 *desktop_group_desc, *desktop_group_name, *desktop_group_restore, *desktop_group_status,
                                                            ^
./src/client.c:1579:18: warning: unused variable ‘desktop_group_desc’ [-Wunused-variable]
                 *desktop_group_desc, *desktop_group_name, *desktop_group_restore, *desktop_group_status,
                  ^
./src/client.c:1578:96: warning: unused variable ‘desktop_gateway’ [-Wunused-variable]
             cJSON *auto_update_desktop, *default_desktop_group, *desktop_dns1, *desktop_dns2, *desktop_gateway,
                                                                                                ^
./src/client.c:1578:81: warning: unused variable ‘desktop_dns2’ [-Wunused-variable]
             cJSON *auto_update_desktop, *default_desktop_group, *desktop_dns1, *desktop_dns2, *desktop_gateway,
                                                                                 ^
./src/client.c:1578:66: warning: unused variable ‘desktop_dns1’ [-Wunused-variable]
             cJSON *auto_update_desktop, *default_desktop_group, *desktop_dns1, *desktop_dns2, *desktop_gateway,
                                                                  ^
./src/client.c:1565:9: warning: unused variable ‘ret’ [-Wunused-variable]
     int ret, current = -1;
         ^
In file included from ./src/client.c:3:0:
./src/client.c: In function ‘send_get_desktop_group_list’:
./src/client.c:1787:46: warning: pointer targets in passing argument 1 of ‘cJSON_CreateString’ differ in signedness [-Wpointer-sign]
         cJSON_AddStringToObject(root, "mac", conf.netcard.mac);
                                              ^
./include/cJSON.h:134:103: note: in definition of macro ‘cJSON_AddStringToObject’
 #define cJSON_AddStringToObject(object,name,s) cJSON_AddItemToObject(object, name, cJSON_CreateString(s))
                                                                                                       ^
./include/cJSON.h:90:15: note: expected ‘const char *’ but argument is of type ‘unsigned char *’
 extern cJSON *cJSON_CreateString(const char *string);
               ^
./src/client.c:1788:45: warning: pointer targets in passing argument 1 of ‘cJSON_CreateString’ differ in signedness [-Wpointer-sign]
         cJSON_AddStringToObject(root, "ip", conf.netcard.ip);
                                             ^
./include/cJSON.h:134:103: note: in definition of macro ‘cJSON_AddStringToObject’
 #define cJSON_AddStringToObject(object,name,s) cJSON_AddItemToObject(object, name, cJSON_CreateString(s))
                                                                                                       ^
./include/cJSON.h:90:15: note: expected ‘const char *’ but argument is of type ‘unsigned char *’
 extern cJSON *cJSON_CreateString(const char *string);
               ^
./src/client.c:1789:23: warning: pointer targets in assignment differ in signedness [-Wpointer-sign]
         cli->send_buf = cJSON_Print(root);
                       ^
./src/client.c:1790:33: warning: pointer targets in passing argument 1 of ‘strlen’ differ in signedness [-Wpointer-sign]
         cli->send_size = strlen(cli->send_buf);
                                 ^
In file included from /usr/include/memory.h:29:0,
                 from ./include/base.h:14,
                 from ./src/client.c:1:
/usr/include/string.h:394:15: note: expected ‘const char *’ but argument is of type ‘unsigned char *’
 extern size_t strlen (const char *__s)
               ^
./src/client.c: In function ‘recv_upgrad’:
./src/client.c:1807:14: warning: pointer targets in initialization differ in signedness [-Wpointer-sign]
  char *buf = &cli->recv_buf[read_packet_token(cli->recv_head)];
              ^
./src/client.c:1824:19: warning: implicit declaration of function ‘upgrad_programe’ [-Wimplicit-function-declaration]
             ret = upgrad_programe(upgrade_package->valuestring, version->valuestring, 1);
                   ^
./src/client.c:1812:16: warning: unused variable ‘batch_no’ [-Wunused-variable]
         cJSON *batch_no = cJSON_GetObjectItem(root, "batch_no");
                ^
./src/client.c: In function ‘recv_get_config’:
./src/client.c:1839:14: warning: pointer targets in initialization differ in signedness [-Wpointer-sign]
  char *buf = &cli->recv_buf[read_packet_token(cli->recv_head)];
              ^
./src/client.c:1890:28: warning: pointer targets in passing argument 1 of ‘strcpy’ differ in signedness [-Wpointer-sign]
                     strcpy(conf.netcard.ip, ip->valuestring);
                            ^
In file included from /usr/include/memory.h:29:0,
                 from ./include/base.h:14,
                 from ./src/client.c:1:
/usr/include/string.h:125:14: note: expected ‘char * restrict’ but argument is of type ‘unsigned char *’
 extern char *strcpy (char *__restrict __dest, const char *__restrict __src)
              ^
./src/client.c:1892:28: warning: pointer targets in passing argument 1 of ‘strcpy’ differ in signedness [-Wpointer-sign]
                     strcpy(conf.netcard.dns1, dns1->valuestring);
                            ^
In file included from /usr/include/memory.h:29:0,
                 from ./include/base.h:14,
                 from ./src/client.c:1:
/usr/include/string.h:125:14: note: expected ‘char * restrict’ but argument is of type ‘unsigned char *’
 extern char *strcpy (char *__restrict __dest, const char *__restrict __src)
              ^
./src/client.c:1894:28: warning: pointer targets in passing argument 1 of ‘strcpy’ differ in signedness [-Wpointer-sign]
                     strcpy(conf.netcard.dns2, dns2->valuestring);
                            ^
In file included from /usr/include/memory.h:29:0,
                 from ./include/base.h:14,
                 from ./src/client.c:1:
/usr/include/string.h:125:14: note: expected ‘char * restrict’ but argument is of type ‘unsigned char *’
 extern char *strcpy (char *__restrict __dest, const char *__restrict __src)
              ^
./src/client.c:1896:28: warning: pointer targets in passing argument 1 of ‘strcpy’ differ in signedness [-Wpointer-sign]
                     strcpy(conf.netcard.gateway, gateway->valuestring);
                            ^
In file included from /usr/include/memory.h:29:0,
                 from ./include/base.h:14,
                 from ./src/client.c:1:
/usr/include/string.h:125:14: note: expected ‘char * restrict’ but argument is of type ‘unsigned char *’
 extern char *strcpy (char *__restrict __dest, const char *__restrict __src)
              ^
./src/client.c:1898:28: warning: pointer targets in passing argument 1 of ‘strcpy’ differ in signedness [-Wpointer-sign]
                     strcpy(conf.netcard.netmask, mask->valuestring);
                            ^
In file included from /usr/include/memory.h:29:0,
                 from ./include/base.h:14,
                 from ./src/client.c:1:
/usr/include/string.h:125:14: note: expected ‘char * restrict’ but argument is of type ‘unsigned char *’
 extern char *strcpy (char *__restrict __dest, const char *__restrict __src)
              ^
./src/client.c:1901:24: warning: pointer targets in passing argument 1 of ‘strcpy’ differ in signedness [-Wpointer-sign]
                 strcpy(conf.terminal.name, name->valuestring);
                        ^
In file included from /usr/include/memory.h:29:0,
                 from ./include/base.h:14,
                 from ./src/client.c:1:
/usr/include/string.h:125:14: note: expected ‘char * restrict’ but argument is of type ‘unsigned char *’
 extern char *strcpy (char *__restrict __dest, const char *__restrict __src)
              ^
./src/client.c:1903:24: warning: pointer targets in passing argument 1 of ‘strcpy’ differ in signedness [-Wpointer-sign]
                 strcpy(conf.terminal.platform, platform->valuestring);
                        ^
In file included from /usr/include/memory.h:29:0,
                 from ./include/base.h:14,
                 from ./src/client.c:1:
/usr/include/string.h:125:14: note: expected ‘char * restrict’ but argument is of type ‘unsigned char *’
 extern char *strcpy (char *__restrict __dest, const char *__restrict __src)
              ^
./src/client.c:1909:24: warning: pointer targets in passing argument 1 of ‘strcpy’ differ in signedness [-Wpointer-sign]
                 strcpy(conf.server.ip, server_ip->valuestring);
                        ^
In file included from /usr/include/memory.h:29:0,
                 from ./include/base.h:14,
                 from ./src/client.c:1:
/usr/include/string.h:125:14: note: expected ‘char * restrict’ but argument is of type ‘unsigned char *’
 extern char *strcpy (char *__restrict __dest, const char *__restrict __src)
              ^
./src/client.c:1857:20: warning: unused variable ‘mac’ [-Wunused-variable]
             cJSON *mac = cJSON_GetObjectItem(data, "mac");
                    ^
In file included from ./src/client.c:3:0:
./src/client.c: In function ‘send_get_config’:
./src/client.c:1941:46: warning: pointer targets in passing argument 1 of ‘cJSON_CreateString’ differ in signedness [-Wpointer-sign]
         cJSON_AddStringToObject(root, "mac", conf.netcard.mac);
                                              ^
./include/cJSON.h:134:103: note: in definition of macro ‘cJSON_AddStringToObject’
 #define cJSON_AddStringToObject(object,name,s) cJSON_AddItemToObject(object, name, cJSON_CreateString(s))
                                                                                                       ^
./include/cJSON.h:90:15: note: expected ‘const char *’ but argument is of type ‘unsigned char *’
 extern cJSON *cJSON_CreateString(const char *string);
               ^
./src/client.c:1942:23: warning: pointer targets in assignment differ in signedness [-Wpointer-sign]
         cli->send_buf = cJSON_Print(root);
                       ^
./src/client.c:1943:33: warning: pointer targets in passing argument 1 of ‘strlen’ differ in signedness [-Wpointer-sign]
         cli->send_size = strlen(cli->send_buf);
                                 ^
In file included from /usr/include/memory.h:29:0,
                 from ./include/base.h:14,
                 from ./src/client.c:1:
/usr/include/string.h:394:15: note: expected ‘const char *’ but argument is of type ‘unsigned char *’
 extern size_t strlen (const char *__s)
               ^
./src/client.c: In function ‘recv_set_update_config’:
./src/client.c:1956:14: warning: pointer targets in initialization differ in signedness [-Wpointer-sign]
  char *buf = &cli->recv_buf[read_packet_token(cli->recv_head)];
              ^
In file included from ./src/client.c:3:0:
./src/client.c: In function ‘send_set_update_config’:
./src/client.c:1988:46: warning: pointer targets in passing argument 1 of ‘cJSON_CreateString’ differ in signedness [-Wpointer-sign]
         cJSON_AddStringToObject(root, "mac", conf.netcard.mac);
                                              ^
./include/cJSON.h:134:103: note: in definition of macro ‘cJSON_AddStringToObject’
 #define cJSON_AddStringToObject(object,name,s) cJSON_AddItemToObject(object, name, cJSON_CreateString(s))
                                                                                                       ^
./include/cJSON.h:90:15: note: expected ‘const char *’ but argument is of type ‘unsigned char *’
 extern cJSON *cJSON_CreateString(const char *string);
               ^
./src/client.c:1989:20: warning: pointer targets in passing argument 1 of ‘strlen’ differ in signedness [-Wpointer-sign]
         if (strlen(conf.terminal.name) == 0)
                    ^
In file included from /usr/include/memory.h:29:0,
                 from ./include/base.h:14,
                 from ./src/client.c:1:
/usr/include/string.h:394:15: note: expected ‘const char *’ but argument is of type ‘unsigned char *’
 extern size_t strlen (const char *__s)
               ^
In file included from ./src/client.c:3:0:
./src/client.c:1992:51: warning: pointer targets in passing argument 1 of ‘cJSON_CreateString’ differ in signedness [-Wpointer-sign]
             cJSON_AddStringToObject(root, "name", conf.terminal.name);
                                                   ^
./include/cJSON.h:134:103: note: in definition of macro ‘cJSON_AddStringToObject’
 #define cJSON_AddStringToObject(object,name,s) cJSON_AddItemToObject(object, name, cJSON_CreateString(s))
                                                                                                       ^
./include/cJSON.h:90:15: note: expected ‘const char *’ but argument is of type ‘unsigned char *’
 extern cJSON *cJSON_CreateString(const char *string);
               ^
./src/client.c:1993:45: warning: pointer targets in passing argument 1 of ‘cJSON_CreateString’ differ in signedness [-Wpointer-sign]
         cJSON_AddStringToObject(root, "ip", conf.netcard.ip);
                                             ^
./include/cJSON.h:134:103: note: in definition of macro ‘cJSON_AddStringToObject’
 #define cJSON_AddStringToObject(object,name,s) cJSON_AddItemToObject(object, name, cJSON_CreateString(s))
                                                                                                       ^
./include/cJSON.h:90:15: note: expected ‘const char *’ but argument is of type ‘unsigned char *’
 extern cJSON *cJSON_CreateString(const char *string);
               ^
./src/client.c:1995:47: warning: pointer targets in passing argument 1 of ‘cJSON_CreateString’ differ in signedness [-Wpointer-sign]
         cJSON_AddStringToObject(root, "mask", conf.netcard.netmask);
                                               ^
./include/cJSON.h:134:103: note: in definition of macro ‘cJSON_AddStringToObject’
 #define cJSON_AddStringToObject(object,name,s) cJSON_AddItemToObject(object, name, cJSON_CreateString(s))
                                                                                                       ^
./include/cJSON.h:90:15: note: expected ‘const char *’ but argument is of type ‘unsigned char *’
 extern cJSON *cJSON_CreateString(const char *string);
               ^
./src/client.c:1996:50: warning: pointer targets in passing argument 1 of ‘cJSON_CreateString’ differ in signedness [-Wpointer-sign]
         cJSON_AddStringToObject(root, "gateway", conf.netcard.gateway);
                                                  ^
./include/cJSON.h:134:103: note: in definition of macro ‘cJSON_AddStringToObject’
 #define cJSON_AddStringToObject(object,name,s) cJSON_AddItemToObject(object, name, cJSON_CreateString(s))
                                                                                                       ^
./include/cJSON.h:90:15: note: expected ‘const char *’ but argument is of type ‘unsigned char *’
 extern cJSON *cJSON_CreateString(const char *string);
               ^
./src/client.c:1997:47: warning: pointer targets in passing argument 1 of ‘cJSON_CreateString’ differ in signedness [-Wpointer-sign]
         cJSON_AddStringToObject(root, "dns1", conf.netcard.dns1);
                                               ^
./include/cJSON.h:134:103: note: in definition of macro ‘cJSON_AddStringToObject’
 #define cJSON_AddStringToObject(object,name,s) cJSON_AddItemToObject(object, name, cJSON_CreateString(s))
                                                                                                       ^
./include/cJSON.h:90:15: note: expected ‘const char *’ but argument is of type ‘unsigned char *’
 extern cJSON *cJSON_CreateString(const char *string);
               ^
./src/client.c:1998:47: warning: pointer targets in passing argument 1 of ‘cJSON_CreateString’ differ in signedness [-Wpointer-sign]
         cJSON_AddStringToObject(root, "dns2", conf.netcard.dns2);
                                               ^
./include/cJSON.h:134:103: note: in definition of macro ‘cJSON_AddStringToObject’
 #define cJSON_AddStringToObject(object,name,s) cJSON_AddItemToObject(object, name, cJSON_CreateString(s))
                                                                                                       ^
./include/cJSON.h:90:15: note: expected ‘const char *’ but argument is of type ‘unsigned char *’
 extern cJSON *cJSON_CreateString(const char *string);
               ^
./src/client.c:2005:55: warning: implicit declaration of function ‘available_space’ [-Wimplicit-function-declaration]
         cJSON_AddNumberToObject(root, "disk_residue", available_space(dev_info.mini_disk->dev->disk_name));
                                                       ^
./include/cJSON.h:133:103: note: in definition of macro ‘cJSON_AddNumberToObject’
 #define cJSON_AddNumberToObject(object,name,n) cJSON_AddItemToObject(object, name, cJSON_CreateNumber(n))
                                                                                                       ^
./src/client.c:2016:72: warning: pointer targets in passing argument 1 of ‘cJSON_CreateString’ differ in signedness [-Wpointer-sign]
         cJSON_AddItemToObject(program, "server_ip", cJSON_CreateString(conf.server.ip));
                                                                        ^
In file included from ./src/client.c:3:0:
./include/cJSON.h:90:15: note: expected ‘const char *’ but argument is of type ‘unsigned char *’
 extern cJSON *cJSON_CreateString(const char *string);
               ^
./src/client.c:2018:23: warning: pointer targets in assignment differ in signedness [-Wpointer-sign]
         cli->send_buf = cJSON_Print(root);
                       ^
./src/client.c:2019:33: warning: pointer targets in passing argument 1 of ‘strlen’ differ in signedness [-Wpointer-sign]
         cli->send_size = strlen(cli->send_buf);
                                 ^
In file included from /usr/include/memory.h:29:0,
                 from ./include/base.h:14,
                 from ./src/client.c:1:
/usr/include/string.h:394:15: note: expected ‘const char *’ but argument is of type ‘unsigned char *’
 extern size_t strlen (const char *__s)
               ^
./src/client.c: In function ‘recv_config_version’:
./src/client.c:2049:14: warning: pointer targets in initialization differ in signedness [-Wpointer-sign]
  char *buf = &cli->recv_buf[read_packet_token(cli->recv_head)];
              ^
In file included from ./src/client.c:3:0:
./src/client.c: In function ‘send_config_version’:
./src/client.c:2086:46: warning: pointer targets in passing argument 1 of ‘cJSON_CreateString’ differ in signedness [-Wpointer-sign]
         cJSON_AddStringToObject(root, "mac", conf.netcard.mac);
                                              ^
./include/cJSON.h:134:103: note: in definition of macro ‘cJSON_AddStringToObject’
 #define cJSON_AddStringToObject(object,name,s) cJSON_AddItemToObject(object, name, cJSON_CreateString(s))
                                                                                                       ^
./include/cJSON.h:90:15: note: expected ‘const char *’ but argument is of type ‘unsigned char *’
 extern cJSON *cJSON_CreateString(const char *string);
               ^
./src/client.c:2096:17: warning: pointer targets in assignment differ in signedness [-Wpointer-sign]
   cli->send_buf = cJSON_Print(root);
                 ^
./src/client.c:2097:33: warning: pointer targets in passing argument 1 of ‘strlen’ differ in signedness [-Wpointer-sign]
         cli->send_size = strlen(cli->send_buf);
                                 ^
In file included from /usr/include/memory.h:29:0,
                 from ./include/base.h:14,
                 from ./src/client.c:1:
/usr/include/string.h:394:15: note: expected ‘const char *’ but argument is of type ‘unsigned char *’
 extern size_t strlen (const char *__s)
               ^
./src/client.c: In function ‘recv_login’:
./src/client.c:2111:14: warning: pointer targets in initialization differ in signedness [-Wpointer-sign]
  char *buf = &cli->recv_buf[read_packet_token(cli->recv_head)];
              ^
./src/client.c:2120:4: warning: implicit declaration of function ‘set_packet_token’ [-Wimplicit-function-declaration]
    set_packet_token(cli);
    ^
In file included from ./src/client.c:3:0:
./src/client.c: In function ‘send_login’:
./src/client.c:2138:46: warning: pointer targets in passing argument 1 of ‘cJSON_CreateString’ differ in signedness [-Wpointer-sign]
         cJSON_AddStringToObject(root, "mac", conf.netcard.mac);
                                              ^
./include/cJSON.h:134:103: note: in definition of macro ‘cJSON_AddStringToObject’
 #define cJSON_AddStringToObject(object,name,s) cJSON_AddItemToObject(object, name, cJSON_CreateString(s))
                                                                                                       ^
./include/cJSON.h:90:15: note: expected ‘const char *’ but argument is of type ‘unsigned char *’
 extern cJSON *cJSON_CreateString(const char *string);
               ^
./src/client.c:2139:45: warning: pointer targets in passing argument 1 of ‘cJSON_CreateString’ differ in signedness [-Wpointer-sign]
         cJSON_AddStringToObject(root, "ip", conf.netcard.ip);
                                             ^
./include/cJSON.h:134:103: note: in definition of macro ‘cJSON_AddStringToObject’
 #define cJSON_AddStringToObject(object,name,s) cJSON_AddItemToObject(object, name, cJSON_CreateString(s))
                                                                                                       ^
./include/cJSON.h:90:15: note: expected ‘const char *’ but argument is of type ‘unsigned char *’
 extern cJSON *cJSON_CreateString(const char *string);
               ^
./src/client.c:2141:23: warning: pointer targets in assignment differ in signedness [-Wpointer-sign]
         cli->send_buf = cJSON_Print(root);
                       ^
./src/client.c:2142:33: warning: pointer targets in passing argument 1 of ‘strlen’ differ in signedness [-Wpointer-sign]
         cli->send_size = strlen(cli->send_buf);
                                 ^
In file included from /usr/include/memory.h:29:0,
                 from ./include/base.h:14,
                 from ./src/client.c:1:
/usr/include/string.h:394:15: note: expected ‘const char *’ but argument is of type ‘unsigned char *’
 extern size_t strlen (const char *__s)
               ^
In file included from ./src/client.c:1:0:
./src/client.c: In function ‘process_msg’:
./src/client.c:2154:45: warning: implicit declaration of function ‘read_packet_order’ [-Wimplicit-function-declaration]
  DEBUG("read_packet_order(cli->packet) %d", read_packet_order(cli->recv_head));
                                             ^
./include/base.h:47:80: note: in definition of macro ‘DEBUG’
         do { printf("File: "__FILE__", Line: %05d: " format"\r\n", __LINE__, ##__VA_ARGS__); \
                                                                                ^
./src/client.c: In function ‘clean_client’:
./src/client.c:2272:3: warning: implicit declaration of function ‘close_fd’ [-Wimplicit-function-declaration]
   close_fd(current->fd);
   ^
./src/client.c: In function ‘tcp_loop’:
./src/client.c:2358:26: warning: implicit declaration of function ‘read_packet_size’ [-Wimplicit-function-declaration]
     current->recv_size = read_packet_size(current->recv_head) + read_packet_token(current->recv_head);
                          ^
./src/client.c:2293:7: warning: unused variable ‘stop’ [-Wunused-variable]
  char stop = 'S';
       ^
./src/client.c:2279:19: warning: unused variable ‘i’ [-Wunused-variable]
  int ret, nready, i;
                   ^
./src/client.c: In function ‘init_client’:
./src/client.c:2450:12: warning: implicit declaration of function ‘create_tcp’ [-Wimplicit-function-declaration]
  cli->fd = create_tcp();
            ^
./src/client.c:2458:8: warning: implicit declaration of function ‘connect_server’ [-Wimplicit-function-declaration]
  ret = connect_server(cli->fd, server->ip, 50007, TIME_OUT);
        ^
./src/client.c: In function ‘thread_client’:
./src/client.c:2502:9: warning: cast to pointer from integer of different size [-Wint-to-pointer-cast]
  return (void *)ret;
         ^
./src/client.c: At top level:
./src/client.c:1209:12: warning: ‘recv_update_config’ defined but not used [-Wunused-function]
 static int recv_update_config(struct client *cli)
            ^
./src/client.c: In function ‘download_default_os’:
./src/client.c:105:1: warning: control reaches end of non-void function [-Wreturn-type]
 }
 ^
make: *** [client.o] Error 1
